Using pre-set license
Built from '2021.2/staging' branch; Version is '2021.2.8f1 (d0e5f0a7b06a) revision 13690352'; Using compiler version '192829333'; Build Type 'Release'
OS: 'Windows 10  (10.0.19044) 64bit Professional' Language: 'ko' Physical Memory: 16326 MB
BatchMode: 1, IsHumanControllingUs: 0, StartBugReporterOnCrash: 0, Is64bit: 1, IsPro: 0

COMMAND LINE ARGUMENTS:
C:\Program Files\Unity\Hub\Editor\2021.2.8f1\Editor\Unity.exe
-adb2
-batchMode
-noUpm
-name
AssetImportWorker0
-projectPath
C:/Users/admin/Documents/GitHub/2022/HDRP_template/Home_Fireplace
-logFile
Logs/AssetImportWorker0.log
-srvPort
14560
Successfully changed project path to: C:/Users/admin/Documents/GitHub/2022/HDRP_template/Home_Fireplace
C:/Users/admin/Documents/GitHub/2022/HDRP_template/Home_Fireplace
[UnityMemory] Configuration Parameters - Can be set up in boot.config
    "memorysetup-bucket-allocator-granularity=16"
    "memorysetup-bucket-allocator-bucket-count=8"
    "memorysetup-bucket-allocator-block-size=33554432"
    "memorysetup-bucket-allocator-block-count=8"
    "memorysetup-main-allocator-block-size=16777216"
    "memorysetup-thread-allocator-block-size=16777216"
    "memorysetup-gfx-main-allocator-block-size=16777216"
    "memorysetup-gfx-thread-allocator-block-size=16777216"
    "memorysetup-cache-allocator-block-size=4194304"
    "memorysetup-typetree-allocator-block-size=2097152"
    "memorysetup-profiler-bucket-allocator-granularity=16"
    "memorysetup-profiler-bucket-allocator-bucket-count=8"
    "memorysetup-profiler-bucket-allocator-block-size=33554432"
    "memorysetup-profiler-bucket-allocator-block-count=8"
    "memorysetup-profiler-allocator-block-size=16777216"
    "memorysetup-profiler-editor-allocator-block-size=1048576"
    "memorysetup-temp-allocator-size-main=16777216"
    "memorysetup-job-temp-allocator-block-size=2097152"
    "memorysetup-job-temp-allocator-block-size-background=1048576"
    "memorysetup-job-temp-allocator-reduction-small-platforms=262144"
    "memorysetup-temp-allocator-size-background-worker=32768"
    "memorysetup-temp-allocator-size-job-worker=262144"
    "memorysetup-temp-allocator-size-preload-manager=33554432"
    "memorysetup-temp-allocator-size-nav-mesh-worker=65536"
    "memorysetup-temp-allocator-size-audio-worker=65536"
    "memorysetup-temp-allocator-size-cloud-worker=32768"
    "memorysetup-temp-allocator-size-gi-baking-worker=262144"
    "memorysetup-temp-allocator-size-gfx=262144"
Refreshing native plugins compatible for Editor in 191.62 ms, found 7 plugins.
Preloading 0 native plugins for Editor in 0.00 ms.
Initialize engine version: 2021.2.8f1 (d0e5f0a7b06a)
[Subsystems] Discovering subsystems at path C:/Program Files/Unity/Hub/Editor/2021.2.8f1/Editor/Data/Resources/UnitySubsystems
[Subsystems] Discovering subsystems at path C:/Users/admin/Documents/GitHub/2022/HDRP_template/Home_Fireplace/Assets
GfxDevice: creating device client; threaded=0; jobified=0
Direct3D:
    Version:  Direct3D 11.0 [level 11.1]
    Renderer: NVIDIA GeForce GTX 1660 (ID=0x2184)
    Vendor:   NVIDIA
    VRAM:     5991 MB
    Driver:   30.0.15.1123
Initialize mono
Mono path[0] = 'C:/Program Files/Unity/Hub/Editor/2021.2.8f1/Editor/Data/Managed'
Mono path[1] = 'C:/Program Files/Unity/Hub/Editor/2021.2.8f1/Editor/Data/MonoBleedingEdge/lib/mono/unityjit-win32'
Mono config path = 'C:/Program Files/Unity/Hub/Editor/2021.2.8f1/Editor/Data/MonoBleedingEdge/etc'
Using monoOptions --debugger-agent=transport=dt_socket,embedding=1,server=y,suspend=n,address=127.0.0.1:56828
Begin MonoManager ReloadAssembly
Registering precompiled unity dll's ...
Register platform support module: C:/Program Files/Unity/Hub/Editor/2021.2.8f1/Editor/Data/PlaybackEngines/WindowsStandaloneSupport/UnityEditor.WindowsStandalone.Extensions.dll
Registered in 0.011584 seconds.
Native extension for WindowsStandalone target not found
Refreshing native plugins compatible for Editor in 184.12 ms, found 7 plugins.
Preloading 0 native plugins for Editor in 0.00 ms.
Mono: successfully reloaded assembly
- Completed reload, in  0.776 seconds
Domain Reload Profiling:
	ReloadAssembly (777ms)
		BeginReloadAssembly (93ms)
			ExecutionOrderSort (0ms)
			DisableScriptedObjects (0ms)
			BackupInstance (0ms)
			ReleaseScriptingObjects (0ms)
			CreateAndSetChildDomain (1ms)
		EndReloadAssembly (586ms)
			LoadAssemblies (90ms)
			RebuildTransferFunctionScriptingTraits (0ms)
			SetupTypeCache (112ms)
			ReleaseScriptCaches (0ms)
			RebuildScriptCaches (28ms)
			SetupLoadedEditorAssemblies (385ms)
				LogAssemblyErrors (0ms)
				InitializePlatformSupportModulesInManaged (18ms)
				SetLoadedEditorAssemblies (0ms)
				RefreshPlugins (184ms)
				BeforeProcessingInitializeOnLoad (1ms)
				ProcessInitializeOnLoadAttributes (129ms)
				ProcessInitializeOnLoadMethodAttributes (53ms)
				AfterProcessingInitializeOnLoad (0ms)
				EditorAssembliesLoaded (0ms)
			ExecutionOrderSort2 (0ms)
			AwakeInstancesAfterBackupRestoration (0ms)
Platform modules already initialized, skipping
Registering precompiled user dll's ...
Registered in 0.016785 seconds.
Begin MonoManager ReloadAssembly
Symbol file LoadedFromMemory doesn't match image C:\Users\admin\Documents\GitHub\2022\HDRP_template\Home_Fireplace\Library\PackageCache\com.unity.visualscripting@1.7.6\Editor\VisualScripting.Core\Dependencies\YamlDotNet\Unity.VisualScripting.YamlDotNet.dll
Symbol file LoadedFromMemory doesn't match image C:\Users\admin\Documents\GitHub\2022\HDRP_template\Home_Fireplace\Library\PackageCache\com.unity.visualscripting@1.7.6\Editor\VisualScripting.Core\Dependencies\DotNetZip\Unity.VisualScripting.IonicZip.dll
Native extension for WindowsStandalone target not found
Refreshing native plugins compatible for Editor in 190.54 ms, found 7 plugins.
Preloading 0 native plugins for Editor in 0.00 ms.
Mono: successfully reloaded assembly
- Completed reload, in  3.027 seconds
Domain Reload Profiling:
	ReloadAssembly (3028ms)
		BeginReloadAssembly (133ms)
			ExecutionOrderSort (0ms)
			DisableScriptedObjects (6ms)
			BackupInstance (0ms)
			ReleaseScriptingObjects (0ms)
			CreateAndSetChildDomain (21ms)
		EndReloadAssembly (2776ms)
			LoadAssemblies (132ms)
			RebuildTransferFunctionScriptingTraits (0ms)
			SetupTypeCache (416ms)
			ReleaseScriptCaches (1ms)
			RebuildScriptCaches (126ms)
			SetupLoadedEditorAssemblies (2046ms)
				LogAssemblyErrors (0ms)
				InitializePlatformSupportModulesInManaged (13ms)
				SetLoadedEditorAssemblies (0ms)
				RefreshPlugins (191ms)
				BeforeProcessingInitializeOnLoad (181ms)
				ProcessInitializeOnLoadAttributes (1607ms)
				ProcessInitializeOnLoadMethodAttributes (41ms)
				AfterProcessingInitializeOnLoad (14ms)
				EditorAssembliesLoaded (0ms)
			ExecutionOrderSort2 (0ms)
			AwakeInstancesAfterBackupRestoration (13ms)
Platform modules already initialized, skipping
========================================================================
Worker process is ready to serve import requests
Launched and connected shader compiler UnityShaderCompiler.exe after 0.10 seconds
Refreshing native plugins compatible for Editor in 2.08 ms, found 7 plugins.
Preloading 0 native plugins for Editor in 0.00 ms.
Unloading 7943 Unused Serialized files (Serialized files now loaded: 0)
Unloading 271 unused Assets / (5.8 MB). Loaded Objects now: 8360.
Memory consumption went from 369.9 MB to 364.1 MB.
Total: 7.544800 ms (FindLiveObjects: 0.655100 ms CreateObjectMapping: 0.790200 ms MarkObjects: 4.369400 ms  DeleteObjects: 1.728200 ms)

AssetImportParameters requested are different than current active one (requested -> active):
  custom:video-decoder-ogg-theora: a1e56fd34408186e4bbccfd4996cb3dc -> 
  custom:container-muxer-webm: aa71ff27fc2769a1b78a27578f13a17b -> 
  custom:container-demuxer-webm: 4f35f7cbe854078d1ac9338744f61a02 -> 
  custom:video-encoder-webm-vp8: eb34c28f22e8b96e1ab97ce403110664 -> 
  custom:audio-encoder-webm-vorbis: bf7c407c2cedff20999df2af8eb42d56 -> 
  custom:framework-win-MediaFoundation: 216162199b28c13a410421893ffa2e32 -> 
  custom:container-demuxer-ogg: 62fdf1f143b41e24485cea50d1cbac27 -> 
  custom:video-decoder-webm-vp8: 9c59270c3fd7afecdb556c50c9e8de78 -> 
  custom:audio-decoder-ogg-vorbis: bf7c407c2cedff20999df2af8eb42d56 -> 
========================================================================
Received Import Request.
  Time since last request: 405823.325280 seconds.
  path: Assets/Home_Fireplace/Scene/Home_Fireplace_Indoors.unity
  artifactKey: Guid(bed1c777bf257374c8142c377fb030cd) Importer(815301076,1909f56bfc062723c751e8b465ee728b)
Start importing Assets/Home_Fireplace/Scene/Home_Fireplace_Indoors.unity using Guid(bed1c777bf257374c8142c377fb030cd) Importer(815301076,1909f56bfc062723c751e8b465ee728b)  -> (artifact id: 'cdd1ab02680f95cedc2333aa4f14adaa') in 0.018279 seconds 
========================================================================
Received Import Request.
  Time since last request: 0.763726 seconds.
  path: Assets/Home_Fireplace/Scene/Home_Fireplace_Indoors 1.unity
  artifactKey: Guid(bd8138a61c634634a85100ca73b409c8) Importer(815301076,1909f56bfc062723c751e8b465ee728b)
Start importing Assets/Home_Fireplace/Scene/Home_Fireplace_Indoors 1.unity using Guid(bd8138a61c634634a85100ca73b409c8) Importer(815301076,1909f56bfc062723c751e8b465ee728b)  -> (artifact id: '369a9067c9c75afc67c7579865586659') in 0.006743 seconds 
========================================================================
Received Import Request.
  Time since last request: 8.487724 seconds.
  path: Assets/Home_Fireplace/Scene/Home_Fireplace_Indoors_)(^.unity
  artifactKey: Guid(bd8138a61c634634a85100ca73b409c8) Importer(815301076,1909f56bfc062723c751e8b465ee728b)
Start importing Assets/Home_Fireplace/Scene/Home_Fireplace_Indoors_)(^.unity using Guid(bd8138a61c634634a85100ca73b409c8) Importer(815301076,1909f56bfc062723c751e8b465ee728b)  -> (artifact id: '47344a1441ee932833d9f8d654b079e8') in 0.006980 seconds 
========================================================================
Received Import Request.
  Time since last request: 4.395598 seconds.
  path: Assets/Home_Fireplace/Scene/Home_Fireplace_Indoors_096.unity
  artifactKey: Guid(bd8138a61c634634a85100ca73b409c8) Importer(815301076,1909f56bfc062723c751e8b465ee728b)
Start importing Assets/Home_Fireplace/Scene/Home_Fireplace_Indoors_096.unity using Guid(bd8138a61c634634a85100ca73b409c8) Importer(815301076,1909f56bfc062723c751e8b465ee728b)  -> (artifact id: 'cd44cc7b0daa597be32f2b74ca521c96') in 0.006463 seconds 
========================================================================
Received Import Request.
  Time since last request: 11.017294 seconds.
  path: Assets/SCP
  artifactKey: Guid(e0cc2a107e7b24d4495f7574847881c7) Importer(815301076,1909f56bfc062723c751e8b465ee728b)
Start importing Assets/SCP using Guid(e0cc2a107e7b24d4495f7574847881c7) Importer(815301076,1909f56bfc062723c751e8b465ee728b)  -> (artifact id: 'd4b4db0ce3b25812ccd8e647a3fb4ac5') in 0.006178 seconds 
========================================================================
Received Import Request.
  Time since last request: 21.584638 seconds.
  path: Assets/Timeline
  artifactKey: Guid(be7ff7c8ac25bad41bf2bab329d36800) Importer(815301076,1909f56bfc062723c751e8b465ee728b)
Start importing Assets/Timeline using Guid(be7ff7c8ac25bad41bf2bab329d36800) Importer(815301076,1909f56bfc062723c751e8b465ee728b)  -> (artifact id: '10ad436d096fc757c9de533102e87a31') in 0.006992 seconds 
========================================================================
Received Import Request.
  Time since last request: 104.067787 seconds.
  path: Assets/SCP/scp-096
  artifactKey: Guid(5b3cfb5414f4d934fa10909b30bd45e4) Importer(815301076,1909f56bfc062723c751e8b465ee728b)
Start importing Assets/SCP/scp-096 using Guid(5b3cfb5414f4d934fa10909b30bd45e4) Importer(815301076,1909f56bfc062723c751e8b465ee728b)  -> (artifact id: '1566cff41666b5a0fdccd07ad57f420f') in 0.010077 seconds 
========================================================================
Received Import Request.
  Time since last request: 0.574999 seconds.
  path: Assets/SCP/scp-096/source
  artifactKey: Guid(f38656c1d6c62e24e899add8ac4dd881) Importer(815301076,1909f56bfc062723c751e8b465ee728b)
Start importing Assets/SCP/scp-096/source using Guid(f38656c1d6c62e24e899add8ac4dd881) Importer(815301076,1909f56bfc062723c751e8b465ee728b)  -> (artifact id: '4cf1b6d60e52a8e6468fc4f5065013db') in 0.006754 seconds 
========================================================================
Received Import Request.
  Time since last request: 0.473036 seconds.
  path: Assets/SCP/scp-096/textures
  artifactKey: Guid(331c529cdc65f374bba8f38a522067eb) Importer(815301076,1909f56bfc062723c751e8b465ee728b)
Start importing Assets/SCP/scp-096/textures using Guid(331c529cdc65f374bba8f38a522067eb) Importer(815301076,1909f56bfc062723c751e8b465ee728b)  -> (artifact id: '66c04e5aa0b06505f6d4cc143f6dfa76') in 0.007876 seconds 
========================================================================
Received Import Request.
  Time since last request: 3.687457 seconds.
  path: Assets/SCP/scp-096/source/SCP096.fbx
  artifactKey: Guid(ec6595b107da85f489b06f9282c0ede6) Importer(815301076,1909f56bfc062723c751e8b465ee728b)
Start importing Assets/SCP/scp-096/source/SCP096.fbx using Guid(ec6595b107da85f489b06f9282c0ede6) Importer(815301076,1909f56bfc062723c751e8b465ee728b)  -> (artifact id: 'f4e8af5be95499f06990d4f0a34ef343') in 1.224087 seconds 
========================================================================
Received Import Request.
  Time since last request: 56.354016 seconds.
  path: Assets/SCP/scp-096/source/SCP096.fbx
  artifactKey: Guid(ec6595b107da85f489b06f9282c0ede6) Importer(815301076,1909f56bfc062723c751e8b465ee728b)
Start importing Assets/SCP/scp-096/source/SCP096.fbx using Guid(ec6595b107da85f489b06f9282c0ede6) Importer(815301076,1909f56bfc062723c751e8b465ee728b)  -> (artifact id: '079fc62a6fbcc1f77c83ee93c1672b55') in 0.056205 seconds 
========================================================================
Received Prepare
Registering precompiled user dll's ...
Registered in 0.013880 seconds.
Begin MonoManager ReloadAssembly
Symbol file LoadedFromMemory doesn't match image C:\Users\admin\Documents\GitHub\2022\HDRP_template\Home_Fireplace\Library\PackageCache\com.unity.visualscripting@1.7.6\Editor\VisualScripting.Core\Dependencies\YamlDotNet\Unity.VisualScripting.YamlDotNet.dll
Symbol file LoadedFromMemory doesn't match image C:\Users\admin\Documents\GitHub\2022\HDRP_template\Home_Fireplace\Library\PackageCache\com.unity.visualscripting@1.7.6\Editor\VisualScripting.Core\Dependencies\DotNetZip\Unity.VisualScripting.IonicZip.dll
Native extension for WindowsStandalone target not found
Refreshing native plugins compatible for Editor in 1.65 ms, found 7 plugins.
Preloading 0 native plugins for Editor in 0.00 ms.
Warning: Annotation not found!
UnityEngine.StackTraceUtility:ExtractStackTrace ()
UnityEditor.ProBuilder.EditorUtility:SetGizmoIconEnabled (System.Type,bool) (at Library/PackageCache/com.unity.probuilder@5.0.3/Editor/EditorCore/EditorUtility.cs:575)
UnityEditor.ProBuilder.HierarchyListener:.cctor () (at Library/PackageCache/com.unity.probuilder@5.0.3/Editor/EditorCore/HierarchyListener.cs:21)
System.Runtime.CompilerServices.RuntimeHelpers:RunClassConstructor (System.RuntimeTypeHandle)
UnityEditor.EditorAssemblies:ProcessInitializeOnLoadAttributes (System.Type[])

[Library/PackageCache/com.unity.probuilder@5.0.3/Editor/EditorCore/EditorUtility.cs line 575]

Mono: successfully reloaded assembly
- Completed reload, in  1.882 seconds
Domain Reload Profiling:
	ReloadAssembly (1882ms)
		BeginReloadAssembly (222ms)
			ExecutionOrderSort (0ms)
			DisableScriptedObjects (27ms)
			BackupInstance (0ms)
			ReleaseScriptingObjects (0ms)
			CreateAndSetChildDomain (62ms)
		EndReloadAssembly (1549ms)
			LoadAssemblies (129ms)
			RebuildTransferFunctionScriptingTraits (0ms)
			SetupTypeCache (384ms)
			ReleaseScriptCaches (3ms)
			RebuildScriptCaches (87ms)
			SetupLoadedEditorAssemblies (809ms)
				LogAssemblyErrors (0ms)
				InitializePlatformSupportModulesInManaged (13ms)
				SetLoadedEditorAssemblies (0ms)
				RefreshPlugins (2ms)
				BeforeProcessingInitializeOnLoad (139ms)
				ProcessInitializeOnLoadAttributes (608ms)
				ProcessInitializeOnLoadMethodAttributes (34ms)
				AfterProcessingInitializeOnLoad (13ms)
				EditorAssembliesLoaded (0ms)
			ExecutionOrderSort2 (0ms)
			AwakeInstancesAfterBackupRestoration (23ms)
Platform modules already initialized, skipping
Refreshing native plugins compatible for Editor in 1.57 ms, found 7 plugins.
Preloading 0 native plugins for Editor in 0.00 ms.
Unloading 7527 Unused Serialized files (Serialized files now loaded: 0)
Unloading 82 unused Assets / (5.8 MB). Loaded Objects now: 8531.
Memory consumption went from 362.4 MB to 356.6 MB.
Total: 8.262500 ms (FindLiveObjects: 0.763000 ms CreateObjectMapping: 0.926800 ms MarkObjects: 5.191700 ms  DeleteObjects: 1.379100 ms)

AssetImportParameters requested are different than current active one (requested -> active):
  custom:video-decoder-ogg-theora: a1e56fd34408186e4bbccfd4996cb3dc -> 
  custom:container-muxer-webm: aa71ff27fc2769a1b78a27578f13a17b -> 
  custom:container-demuxer-webm: 4f35f7cbe854078d1ac9338744f61a02 -> 
  custom:video-encoder-webm-vp8: eb34c28f22e8b96e1ab97ce403110664 -> 
  custom:audio-encoder-webm-vorbis: bf7c407c2cedff20999df2af8eb42d56 -> 
  custom:framework-win-MediaFoundation: 216162199b28c13a410421893ffa2e32 -> 
  custom:container-demuxer-ogg: 62fdf1f143b41e24485cea50d1cbac27 -> 
  custom:video-decoder-webm-vp8: 9c59270c3fd7afecdb556c50c9e8de78 -> 
  custom:audio-decoder-ogg-vorbis: bf7c407c2cedff20999df2af8eb42d56 -> 
========================================================================
Received Import Request.
  Time since last request: 100.086453 seconds.
  path: Assets/SCP/scp-096/source/SCP096.fbx
  artifactKey: Guid(ec6595b107da85f489b06f9282c0ede6) Importer(815301076,1909f56bfc062723c751e8b465ee728b)
Start importing Assets/SCP/scp-096/source/SCP096.fbx using Guid(ec6595b107da85f489b06f9282c0ede6) Importer(815301076,1909f56bfc062723c751e8b465ee728b)  -> (artifact id: 'e3198494a3cc185475836d2fae749e8f') in 0.748220 seconds 
========================================================================
Received Import Request.
  Time since last request: 8.305895 seconds.
  path: Assets/SCP/scp-096/source/SCP096.fbx
  artifactKey: Guid(ec6595b107da85f489b06f9282c0ede6) Importer(815301076,1909f56bfc062723c751e8b465ee728b)
Start importing Assets/SCP/scp-096/source/SCP096.fbx using Guid(ec6595b107da85f489b06f9282c0ede6) Importer(815301076,1909f56bfc062723c751e8b465ee728b)  -> (artifact id: '94fcddcfebad7c82a41b0dcae4bee291') in 0.053941 seconds 
========================================================================
Received Import Request.
  Time since last request: 35.090550 seconds.
  path: Assets/SCP/scp-096/source/SCP096.fbx
  artifactKey: Guid(ec6595b107da85f489b06f9282c0ede6) Importer(815301076,1909f56bfc062723c751e8b465ee728b)
Start importing Assets/SCP/scp-096/source/SCP096.fbx using Guid(ec6595b107da85f489b06f9282c0ede6) Importer(815301076,1909f56bfc062723c751e8b465ee728b)  -> (artifact id: '81a9ed2a9dc7bed99de82de7dce136a1') in 0.102155 seconds 
========================================================================
Received Import Request.
  Time since last request: 373.811918 seconds.
  path: Assets/SCP/scp-096/source/SCP096.fbx
  artifactKey: Guid(ec6595b107da85f489b06f9282c0ede6) Importer(815301076,1909f56bfc062723c751e8b465ee728b)
Start importing Assets/SCP/scp-096/source/SCP096.fbx using Guid(ec6595b107da85f489b06f9282c0ede6) Importer(815301076,1909f56bfc062723c751e8b465ee728b)  -> (artifact id: 'ba821da386e17f87f919fed60659e881') in 0.053522 seconds 
========================================================================
Received Import Request.
  Time since last request: 15.490063 seconds.
  path: Assets/SCP/scp-096/source/SCP096.fbx
  artifactKey: Guid(ec6595b107da85f489b06f9282c0ede6) Importer(815301076,1909f56bfc062723c751e8b465ee728b)
Start importing Assets/SCP/scp-096/source/SCP096.fbx using Guid(ec6595b107da85f489b06f9282c0ede6) Importer(815301076,1909f56bfc062723c751e8b465ee728b)  -> (artifact id: '7c7f130131d3ad1fce0c5fd385c911ae') in 0.055415 seconds 
========================================================================
Received Import Request.
  Time since last request: 56.215130 seconds.
  path: Assets/SCP/scp-096/source/SCP096.fbx
  artifactKey: Guid(ec6595b107da85f489b06f9282c0ede6) Importer(815301076,1909f56bfc062723c751e8b465ee728b)
Start importing Assets/SCP/scp-096/source/SCP096.fbx using Guid(ec6595b107da85f489b06f9282c0ede6) Importer(815301076,1909f56bfc062723c751e8b465ee728b)  -> (artifact id: 'bb7ebf523b15aa30119cba51a40516f0') in 0.051792 seconds 
========================================================================
Received Import Request.
  Time since last request: 13.561053 seconds.
  path: Assets/SCP/scp-096/source/SCP096.fbx
  artifactKey: Guid(ec6595b107da85f489b06f9282c0ede6) Importer(815301076,1909f56bfc062723c751e8b465ee728b)
Start importing Assets/SCP/scp-096/source/SCP096.fbx using Guid(ec6595b107da85f489b06f9282c0ede6) Importer(815301076,1909f56bfc062723c751e8b465ee728b)  -> (artifact id: '406382b8ffa14a3c8f4370996a1060dc') in 0.055102 seconds 
========================================================================
Received Import Request.
  Time since last request: 150.476330 seconds.
  path: Assets/SCP/scp-096/source/SCP096.fbx
  artifactKey: Guid(ec6595b107da85f489b06f9282c0ede6) Importer(815301076,1909f56bfc062723c751e8b465ee728b)
Start importing Assets/SCP/scp-096/source/SCP096.fbx using Guid(ec6595b107da85f489b06f9282c0ede6) Importer(815301076,1909f56bfc062723c751e8b465ee728b)  -> (artifact id: 'bdc4977b98402eb3accaeb7ff4f279ea') in 0.054531 seconds 
========================================================================
Received Import Request.
  Time since last request: 9.671539 seconds.
  path: Assets/SCP/scp-096/source/SCP096.fbx
  artifactKey: Guid(ec6595b107da85f489b06f9282c0ede6) Importer(815301076,1909f56bfc062723c751e8b465ee728b)
Start importing Assets/SCP/scp-096/source/SCP096.fbx using Guid(ec6595b107da85f489b06f9282c0ede6) Importer(815301076,1909f56bfc062723c751e8b465ee728b)  -> (artifact id: 'eecea84e47091a6db9b4fe73b1c73e46') in 0.053076 seconds 
========================================================================
Received Prepare
Registering precompiled user dll's ...
Registered in 0.013711 seconds.
Begin MonoManager ReloadAssembly
Symbol file LoadedFromMemory doesn't match image C:\Users\admin\Documents\GitHub\2022\HDRP_template\Home_Fireplace\Library\PackageCache\com.unity.visualscripting@1.7.6\Editor\VisualScripting.Core\Dependencies\YamlDotNet\Unity.VisualScripting.YamlDotNet.dll
Symbol file LoadedFromMemory doesn't match image C:\Users\admin\Documents\GitHub\2022\HDRP_template\Home_Fireplace\Library\PackageCache\com.unity.visualscripting@1.7.6\Editor\VisualScripting.Core\Dependencies\DotNetZip\Unity.VisualScripting.IonicZip.dll
Native extension for WindowsStandalone target not found
Refreshing native plugins compatible for Editor in 1.50 ms, found 7 plugins.
Preloading 0 native plugins for Editor in 0.00 ms.
Warning: Annotation not found!
UnityEngine.StackTraceUtility:ExtractStackTrace ()
UnityEditor.ProBuilder.EditorUtility:SetGizmoIconEnabled (System.Type,bool) (at Library/PackageCache/com.unity.probuilder@5.0.3/Editor/EditorCore/EditorUtility.cs:575)
UnityEditor.ProBuilder.HierarchyListener:.cctor () (at Library/PackageCache/com.unity.probuilder@5.0.3/Editor/EditorCore/HierarchyListener.cs:21)
System.Runtime.CompilerServices.RuntimeHelpers:RunClassConstructor (System.RuntimeTypeHandle)
UnityEditor.EditorAssemblies:ProcessInitializeOnLoadAttributes (System.Type[])

[Library/PackageCache/com.unity.probuilder@5.0.3/Editor/EditorCore/EditorUtility.cs line 575]

Mono: successfully reloaded assembly
- Completed reload, in  1.993 seconds
Domain Reload Profiling:
	ReloadAssembly (1994ms)
		BeginReloadAssembly (231ms)
			ExecutionOrderSort (0ms)
			DisableScriptedObjects (30ms)
			BackupInstance (0ms)
			ReleaseScriptingObjects (0ms)
			CreateAndSetChildDomain (63ms)
		EndReloadAssembly (1645ms)
			LoadAssemblies (131ms)
			RebuildTransferFunctionScriptingTraits (0ms)
			SetupTypeCache (401ms)
			ReleaseScriptCaches (3ms)
			RebuildScriptCaches (93ms)
			SetupLoadedEditorAssemblies (844ms)
				LogAssemblyErrors (0ms)
				InitializePlatformSupportModulesInManaged (14ms)
				SetLoadedEditorAssemblies (1ms)
				RefreshPlugins (2ms)
				BeforeProcessingInitializeOnLoad (140ms)
				ProcessInitializeOnLoadAttributes (640ms)
				ProcessInitializeOnLoadMethodAttributes (35ms)
				AfterProcessingInitializeOnLoad (13ms)
				EditorAssembliesLoaded (0ms)
			ExecutionOrderSort2 (0ms)
			AwakeInstancesAfterBackupRestoration (17ms)
Platform modules already initialized, skipping
Refreshing native plugins compatible for Editor in 1.63 ms, found 7 plugins.
Preloading 0 native plugins for Editor in 0.00 ms.
Unloading 7538 Unused Serialized files (Serialized files now loaded: 0)
Unloading 80 unused Assets / (5.4 MB). Loaded Objects now: 8679.
Memory consumption went from 374.4 MB to 369.0 MB.
Total: 6.737000 ms (FindLiveObjects: 0.619500 ms CreateObjectMapping: 0.700800 ms MarkObjects: 4.150800 ms  DeleteObjects: 1.263800 ms)

AssetImportParameters requested are different than current active one (requested -> active):
  custom:video-decoder-ogg-theora: a1e56fd34408186e4bbccfd4996cb3dc -> 
  custom:container-muxer-webm: aa71ff27fc2769a1b78a27578f13a17b -> 
  custom:container-demuxer-webm: 4f35f7cbe854078d1ac9338744f61a02 -> 
  custom:video-encoder-webm-vp8: eb34c28f22e8b96e1ab97ce403110664 -> 
  custom:audio-encoder-webm-vorbis: bf7c407c2cedff20999df2af8eb42d56 -> 
  custom:framework-win-MediaFoundation: 216162199b28c13a410421893ffa2e32 -> 
  custom:container-demuxer-ogg: 62fdf1f143b41e24485cea50d1cbac27 -> 
  custom:video-decoder-webm-vp8: 9c59270c3fd7afecdb556c50c9e8de78 -> 
  custom:audio-decoder-ogg-vorbis: bf7c407c2cedff20999df2af8eb42d56 -> 
========================================================================
Received Import Request.
  Time since last request: 710.671152 seconds.
  path: Assets/Home_Fireplace/Scene/Home_Fireplace_Indoors_096.unity
  artifactKey: Guid(bd8138a61c634634a85100ca73b409c8) Importer(815301076,1909f56bfc062723c751e8b465ee728b)
Start importing Assets/Home_Fireplace/Scene/Home_Fireplace_Indoors_096.unity using Guid(bd8138a61c634634a85100ca73b409c8) Importer(815301076,1909f56bfc062723c751e8b465ee728b)  -> (artifact id: 'add445fdf371634ad105526517e7fa61') in 0.035008 seconds 
